<?xml version="1.0" encoding="UTF-8"?>
<!-- Generated by org.testng.reporters.JUnitXMLReporter -->
<testsuite hostname="WL361484" ignored="2" name="Login Test" tests="1" failures="0" timestamp="2020-07-02T17:00:59 IST" time="6.31" errors="0">
  <testcase name="checkLinkCount" time="0.02" classname="com.tieto.test.LoginTest"/>
  <testcase name="validCredentialTest" time="0.0" classname="com.tieto.test.LoginTest">
    <ignored/>
  </testcase> <!-- validCredentialTest -->
  <testcase name="invalidCredentialTest" time="0.0" classname="com.tieto.test.LoginTest">
    <ignored/>
  </testcase> <!-- invalidCredentialTest -->
</testsuite> <!-- Login Test -->
